<?xml version="1.0" encoding="UTF-8" ?>
<testsuite tests="8" failures="0" name="com.pierceecom.blog.PostResourceTest" time="0.081" errors="0" skipped="0">
  <properties>
[...]
</properties>
  <testcase classname="com.pierceecom.blog.PostResourceTest" name="test_1_BlogWithoutPosts" time="0.032"/>
  <testcase classname="com.pierceecom.blog.PostResourceTest" name="test_2_AddPosts" time="0.006"/>
  <testcase classname="com.pierceecom.blog.PostResourceTest" name="test_3_GetPost" time="0.016"/>
  <testcase classname="com.pierceecom.blog.PostResourceTest" name="test_4_1_UpdatePosts" time="0.005"/>
  <testcase classname="com.pierceecom.blog.PostResourceTest" name="test_4_GetAllPosts" time="0.005"/>
  <testcase classname="com.pierceecom.blog.PostResourceTest" name="test_5_DeletePosts" time="0.009"/>
  <testcase classname="com.pierceecom.blog.PostResourceTest" name="test_6_GetAllPostsShouldNowBeEmpty" time="0.005"/>
  <testcase classname="com.pierceecom.blog.PostResourceTest" name="test_DeleteInvalidPosts" time="0.003"/>
</testsuite>